<?xml version="1.0" encoding="UTF-8"?>
<!-- Generated by org.testng.reporters.JUnitReportReporter -->
<testsuite hostname="DESKTOP-O7C6MH5" failures="0" tests="2" name="api.test.UserTests2" time="7.390" errors="0" timestamp="2025-02-26T12:22:49 IST" skipped="0">
  <testcase classname="api.test.UserTests2" name="testPostUser" time="6.066"/>
  <system-out/>
  <testcase classname="api.test.UserTests2" name="testGetPetByid" time="1.324"/>
  <system-out/>
</testsuite> <!-- api.test.UserTests2 -->
