<?xml version="1.0" encoding="UTF-8"?>
<!-- Generated by org.testng.reporters.JUnitReportReporter -->
<testsuite hostname="DESKTOP-O7C6MH5" failures="0" tests="6" name="api.test.PetsTest" time="16.703" errors="0" timestamp="2025-02-26T17:18:16 IST" skipped="0">
  <testcase classname="api.test.PetsTest" name="testPostPets" time="7.535"/>
  <system-out/>
  <testcase classname="api.test.PetsTest" name="testPostPetsUpload" time="3.246"/>
  <system-out/>
  <testcase classname="api.test.PetsTest" name="testreadPet" time="1.460"/>
  <system-out/>
  <testcase classname="api.test.PetsTest" name="testPutPets" time="1.497"/>
  <system-out/>
  <testcase classname="api.test.PetsTest" name="testgetpetbystatus" time="1.530"/>
  <system-out/>
  <testcase classname="api.test.PetsTest" name="testDeletePets" time="1.435"/>
  <system-out/>
</testsuite> <!-- api.test.PetsTest -->
