<?xml version="1.0" encoding="UTF-8"?>
<!-- Generated by org.testng.reporters.JUnitReportReporter -->
<testsuite hostname="DESKTOP-O7C6MH5" failures="0" tests="6" name="api.test.PetsTest" time="13.482" errors="0" timestamp="2025-02-26T17:19:23 IST" skipped="0">
  <testcase classname="api.test.PetsTest" name="testPostPets" time="4.538"/>
  <system-out/>
  <testcase classname="api.test.PetsTest" name="testPostPetsUpload" time="2.913"/>
  <system-out/>
  <testcase classname="api.test.PetsTest" name="testreadPet" time="1.535"/>
  <system-out/>
  <testcase classname="api.test.PetsTest" name="testPutPets" time="1.532"/>
  <system-out/>
  <testcase classname="api.test.PetsTest" name="testgetpetbystatus" time="1.532"/>
  <system-out/>
  <testcase classname="api.test.PetsTest" name="testDeletePets" time="1.432"/>
  <system-out/>
</testsuite> <!-- api.test.PetsTest -->
